# JRE version: OpenJDK Runtime Environment (17.0+35) (build 17+35-2724)
# Java VM: OpenJDK 64-Bit Server VM (17+35-2724, mixed mode, sharing, tiered, compressed oops, compressed class ptrs, g1 gc, windows-amd64)
GC Precious Log:
 CPUs: 12 total, 12 available
 Memory: 16098M
 Large Page Support: Disabled
 NUMA Support: Disabled
 Compressed Oops: Enabled (32-bit)
 Heap Region Size: 1M
 Heap Min Capacity: 256M
 Heap Initial Capacity: 256M
 Heap Max Capacity: 512M
 Pre-touch: Disabled
 Parallel Workers: 10
 Concurrent Workers: 3
 Concurrent Refinement Workers: 10
 Periodic GC: Disabled
Heap:
 garbage-first heap   total 262144K, used 141231K [0x00000000e0000000, 0x0000000100000000)
  region size 1024K, 48 young (49152K), 2 survivors (2048K)
 Metaspace       used 63778K, committed 64832K, reserved 372736K
  class space    used 9273K, committed 9792K, reserved 315392K
GC Heap History (20 events):
Event: 1.258 GC heap before
{Heap before GC invocations=1 (full 0):
 garbage-first heap   total 262144K, used 38389K [0x00000000e0000000, 0x0000000100000000)
  region size 1024K, 30 young (30720K), 3 survivors (3072K)
 Metaspace       used 4596K, committed 4736K, reserved 323584K
  class space    used 592K, committed 640K, reserved 315392K
}
Event: 1.262 GC heap after
{Heap after GC invocations=2 (full 0):
 garbage-first heap   total 262144K, used 12967K [0x00000000e0000000, 0x0000000100000000)
  region size 1024K, 3 young (3072K), 3 survivors (3072K)
 Metaspace       used 4596K, committed 4736K, reserved 323584K
  class space    used 592K, committed 640K, reserved 315392K
}
Event: 1.832 GC heap before
{Heap before GC invocations=2 (full 0):
 garbage-first heap   total 262144K, used 82599K [0x00000000e0000000, 0x0000000100000000)
  region size 1024K, 70 young (71680K), 3 survivors (3072K)
 Metaspace       used 5971K, committed 6144K, reserved 323584K
  class space    used 803K, committed 896K, reserved 315392K
}
Event: 1.837 GC heap after
{Heap after GC invocations=3 (full 0):
 garbage-first heap   total 262144K, used 19716K [0x00000000e0000000, 0x0000000100000000)
  region size 1024K, 8 young (8192K), 8 survivors (8192K)
 Metaspace       used 5971K, committed 6144K, reserved 323584K
  class space    used 803K, committed 896K, reserved 315392K
}
Event: 3.759 GC heap before
{Heap before GC invocations=3 (full 0):
 garbage-first heap   total 262144K, used 113924K [0x00000000e0000000, 0x0000000100000000)
  region size 1024K, 101 young (103424K), 8 survivors (8192K)
 Metaspace       used 21224K, committed 21504K, reserved 339968K
  class space    used 3071K, committed 3200K, reserved 315392K
}
Event: 3.769 GC heap after
{Heap after GC invocations=4 (full 0):
 garbage-first heap   total 262144K, used 25106K [0x00000000e0000000, 0x0000000100000000)
  region size 1024K, 14 young (14336K), 14 survivors (14336K)
 Metaspace       used 21224K, committed 21504K, reserved 339968K
  class space    used 3071K, committed 3200K, reserved 315392K
}
Event: 6.927 GC heap before
{Heap before GC invocations=5 (full 0):
 garbage-first heap   total 262144K, used 154130K [0x00000000e0000000, 0x0000000100000000)
  region size 1024K, 128 young (131072K), 14 survivors (14336K)
 Metaspace       used 35426K, committed 35968K, reserved 348160K
  class space    used 5029K, committed 5248K, reserved 315392K
}
Event: 6.941 GC heap after
{Heap after GC invocations=6 (full 0):
 garbage-first heap   total 262144K, used 45448K [0x00000000e0000000, 0x0000000100000000)
  region size 1024K, 14 young (14336K), 14 survivors (14336K)
 Metaspace       used 35426K, committed 35968K, reserved 348160K
  class space    used 5029K, committed 5248K, reserved 315392K
}
Event: 6.959 GC heap before
{Heap before GC invocations=6 (full 0):
 garbage-first heap   total 262144K, used 46472K [0x00000000e0000000, 0x0000000100000000)
  region size 1024K, 15 young (15360K), 14 survivors (14336K)
 Metaspace       used 35539K, committed 36096K, reserved 348160K
  class space    used 5044K, committed 5312K, reserved 315392K
}
Event: 6.967 GC heap after
{Heap after GC invocations=7 (full 0):
 garbage-first heap   total 262144K, used 46709K [0x00000000e0000000, 0x0000000100000000)
  region size 1024K, 2 young (2048K), 2 survivors (2048K)
 Metaspace       used 35539K, committed 36096K, reserved 348160K
  class space    used 5044K, committed 5312K, reserved 315392K
}
Event: 7.029 GC heap before
{Heap before GC invocations=7 (full 0):
 garbage-first heap   total 262144K, used 47733K [0x00000000e0000000, 0x0000000100000000)
  region size 1024K, 4 young (4096K), 2 survivors (2048K)
 Metaspace       used 35751K, committed 36288K, reserved 348160K
  class space    used 5076K, committed 5312K, reserved 315392K
}
Event: 7.031 GC heap after
{Heap after GC invocations=8 (full 0):
 garbage-first heap   total 262144K, used 45369K [0x00000000e0000000, 0x0000000100000000)
  region size 1024K, 1 young (1024K), 1 survivors (1024K)
 Metaspace       used 35751K, committed 36288K, reserved 348160K
  class space    used 5076K, committed 5312K, reserved 315392K
}
Event: 10.051 GC heap before
{Heap before GC invocations=9 (full 0):
 garbage-first heap   total 262144K, used 210233K [0x00000000e0000000, 0x0000000100000000)
  region size 1024K, 149 young (152576K), 1 survivors (1024K)
 Metaspace       used 49165K, committed 49984K, reserved 364544K
  class space    used 7099K, committed 7488K, reserved 315392K
}
Event: 10.060 GC heap after
{Heap after GC invocations=10 (full 0):
 garbage-first heap   total 262144K, used 69909K [0x00000000e0000000, 0x0000000100000000)
  region size 1024K, 11 young (11264K), 11 survivors (11264K)
 Metaspace       used 49165K, committed 49984K, reserved 364544K
  class space    used 7099K, committed 7488K, reserved 315392K
}
Event: 10.079 GC heap before
{Heap before GC invocations=10 (full 0):
 garbage-first heap   total 262144K, used 70933K [0x00000000e0000000, 0x0000000100000000)
  region size 1024K, 12 young (12288K), 11 survivors (11264K)
 Metaspace       used 49276K, committed 50112K, reserved 364544K
  class space    used 7116K, committed 7488K, reserved 315392K
}
Event: 10.086 GC heap after
{Heap after GC invocations=11 (full 0):
 garbage-first heap   total 262144K, used 70542K [0x00000000e0000000, 0x0000000100000000)
  region size 1024K, 2 young (2048K), 2 survivors (2048K)
 Metaspace       used 49276K, committed 50112K, reserved 364544K
  class space    used 7116K, committed 7488K, reserved 315392K
}
Event: 12.259 GC heap before
{Heap before GC invocations=11 (full 0):
 garbage-first heap   total 262144K, used 215950K [0x00000000e0000000, 0x0000000100000000)
  region size 1024K, 130 young (133120K), 2 survivors (2048K)
 Metaspace       used 58792K, committed 59584K, reserved 372736K
  class space    used 8508K, committed 8896K, reserved 315392K
}
Event: 12.270 GC heap after
{Heap after GC invocations=12 (full 0):
 garbage-first heap   total 262144K, used 95448K [0x00000000e0000000, 0x0000000100000000)
  region size 1024K, 12 young (12288K), 12 survivors (12288K)
 Metaspace       used 58792K, committed 59584K, reserved 372736K
  class space    used 8508K, committed 8896K, reserved 315392K
}
Event: 12.453 GC heap before
{Heap before GC invocations=12 (full 0):
 garbage-first heap   total 262144K, used 104664K [0x00000000e0000000, 0x0000000100000000)
  region size 1024K, 22 young (22528K), 12 survivors (12288K)
 Metaspace       used 60063K, committed 60800K, reserved 372736K
  class space    used 8671K, committed 9024K, reserved 315392K
}
Event: 12.459 GC heap after
{Heap after GC invocations=13 (full 0):
 garbage-first heap   total 262144K, used 96175K [0x00000000e0000000, 0x0000000100000000)
  region size 1024K, 2 young (2048K), 2 survivors (2048K)
 Metaspace       used 60063K, committed 60800K, reserved 372736K
  class space    used 8671K, committed 9024K, reserved 315392K
}

